<?xml version="1.0" encoding="utf-8"?>
<shfbBuild product="Sandcastle Help File Builder" version="2014.5.31.0" projectFile="D:\Builds\OCELot\StringExtensions.Release\documentation\OCELot.StringExtensions.Documentation\OCELot.StringExtensions.Documentation.shfbproj" started="2015-06-09 05:11:35 PM">
<buildStep step="Initializing">
Finding tools...
The Sandcastle tools are located in &#39;C:\Program Files (x86)\EWSoftware\Sandcastle Help File Builder\&#39;
Locating components in the following folder(s):
   D:\Builds\OCELot\StringExtensions.Release\documentation\OCELot.StringExtensions.Documentation
Using presentation style &#39;VS2013&#39; located in &#39;C:\Program Files (x86)\EWSoftware\Sandcastle Help File Builder\PresentationStyles\VS2013&#39;
Loading and initializing plug-ins...
Lightweight Website Style Version 2014.5.31.0
Copyright &#169; 2006-2014, Eric Woodruff, All Rights Reserved
Portions Copyright &#169; 2014, Sam Harwell, All Rights Reserved
</buildStep>
<buildStep step="ValidatingDocumentationSources">
Validating and copying documentation source information
Source: D:\Builds\OCELot\StringExtensions.Release\src\OCELot.StringExtensions\OCELot.StringExtensions.csproj
    Found project &#39;D:\Builds\OCELot\StringExtensions.Release\src\OCELot.StringExtensions\OCELot.StringExtensions.csproj&#39;

Parsing project files
    Found assembly &#39;D:\Builds\OCELot\StringExtensions.Release\src\OCELot.StringExtensions\bin\Release\OCELot.StringExtensions.dll&#39;

References to include (excluding framework assemblies):
    None

Copying XML comments files
    D:\Builds\OCELot\StringExtensions.Release\src\OCELot.StringExtensions\bin\Release\OCELot.StringExtensions.xml -&gt; D:\Builds\OCELot\StringExtensions.Release\documentation\OCELot.StringExtensions.Documentation\Help\Working\OCELot.StringExtensions.xml
</buildStep>
<buildStep step="GenerateSharedContent">
Generating shared content files (en-US, English (United States))...
<plugIn name="Lightweight Website Style" behavior="After" priority="1000">
</plugIn>    Last step completed in 00:00:00.0250
</buildStep>
<buildStep step="GenerateApiFilter">
Generating API filter for MRefBuilder...
    Last step completed in 00:00:00.0020
</buildStep>
<buildStep step="GenerateReflectionInfo">
Generating reflection information...
[C:\Program Files (x86)\MSBuild\12.0\bin\MSBuild.exe]
Build started 2015-06-09 05:11:36 PM.
Project &quot;D:\Builds\OCELot\StringExtensions.Release\documentation\OCELot.StringExtensions.Documentation\Help\Working\GenerateRefInfo.proj&quot; on node 1 (default targets).
PrepareForBuild:
  Creating directory &quot;obj\Debug\&quot;.
GenerateRefInfo:
  MRefBuilder (v2014.5.31.0)
  Copyright c 2006-2014, Microsoft Corporation, All Rights Reserved.
  Portions Copyright c 2006-2014, Eric Woodruff, All Rights Reserved.
  Loaded 1 assemblies for reflection and 1 dependency assemblies.
  Wrote information on 1 namespaces, 2 types, and 13 members
  Copying file from &quot;reflection.org&quot; to &quot;reflection.all&quot;.
  XslTransform (v2014.5.31.0)
  Copyright c 2006-2014, Microsoft Corporation, All Rights Reserved.
  Portions Copyright c 2006-2014, Eric Woodruff, All Rights Reserved.
  Applying XSL transformation &#39;C:\Program Files (x86)\EWSoftware\Sandcastle Help File Builder\ProductionTransforms\MergeDuplicates.xsl&#39;.
Done Building Project &quot;D:\Builds\OCELot\StringExtensions.Release\documentation\OCELot.StringExtensions.Documentation\Help\Working\GenerateRefInfo.proj&quot; (default targets).

Build succeeded.

Time Elapsed 00:00:00.42
    Last step completed in 00:00:00.4900
</buildStep>
<buildStep step="TransformReflectionInfo">
Transforming reflection output...
[C:\Program Files (x86)\MSBuild\12.0\bin\MSBuild.exe]
Build started 2015-06-09 05:11:36 PM.
Project &quot;D:\Builds\OCELot\StringExtensions.Release\documentation\OCELot.StringExtensions.Documentation\Help\Working\TransformManifest.proj&quot; on node 1 (default targets).
TransformManifest:
  XslTransform (v2014.5.31.0)
  Copyright c 2006-2014, Microsoft Corporation, All Rights Reserved.
  Portions Copyright c 2006-2014, Eric Woodruff, All Rights Reserved.
  Applying XSL transformation &#39;C:\Program Files (x86)\EWSoftware\Sandcastle Help File Builder\ProductionTransforms\ApplyVSDocModel.xsl&#39;.
  Copying file from &quot;reflection.xml&quot; to &quot;reflection.nofilenames&quot;.
  XslTransform (v2014.5.31.0)
  Copyright c 2006-2014, Microsoft Corporation, All Rights Reserved.
  Portions Copyright c 2006-2014, Eric Woodruff, All Rights Reserved.
  Applying XSL transformation &#39;C:\Program Files (x86)\EWSoftware\Sandcastle Help File Builder\ProductionTransforms\AddFilenames.xsl&#39;.
  XslTransform (v2014.5.31.0)
  Copyright c 2006-2014, Microsoft Corporation, All Rights Reserved.
  Portions Copyright c 2006-2014, Eric Woodruff, All Rights Reserved.
  Applying XSL transformation &#39;C:\Program Files (x86)\EWSoftware\Sandcastle Help File Builder\ProductionTransforms\ReflectionToManifest.xsl&#39;.
Done Building Project &quot;D:\Builds\OCELot\StringExtensions.Release\documentation\OCELot.StringExtensions.Documentation\Help\Working\TransformManifest.proj&quot; (default targets).

Build succeeded.

Time Elapsed 00:00:00.29
    Last step completed in 00:00:00.3610
</buildStep>
<buildStep step="GenerateNamespaceSummaries">
Generating namespace summary information...
    Last step completed in 00:00:00.0390
</buildStep>
<buildStep step="CopyConceptualContent">
Copying conceptual content...
Copying standard token shared content file...
Checking for other token files...
Checking for code snippets files...
Copying images and creating the media map file...
Generating conceptual topic files
    Parsing topic file &#39;D:\Builds\OCELot\StringExtensions.Release\documentation\OCELot.StringExtensions.Documentation\Content\Welcome.aml&#39;
    D:\Builds\OCELot\StringExtensions.Release\documentation\OCELot.StringExtensions.Documentation\Content\Welcome.aml -&gt; D:\Builds\OCELot\StringExtensions.Release\documentation\OCELot.StringExtensions.Documentation\Help\Working\ddueXml\d8518319-01e5-4b4a-a092-48b9a3b4797b.xml
    Parsing topic file &#39;D:\Builds\OCELot\StringExtensions.Release\documentation\OCELot.StringExtensions.Documentation\Content\VersionHistory\VersionHistory.aml&#39;
    D:\Builds\OCELot\StringExtensions.Release\documentation\OCELot.StringExtensions.Documentation\Content\VersionHistory\VersionHistory.aml -&gt; D:\Builds\OCELot\StringExtensions.Release\documentation\OCELot.StringExtensions.Documentation\Help\Working\ddueXml\ccfcb4e5-0092-4d43-878d-d4d8b0f8e0e0.xml
    Parsing topic file &#39;D:\Builds\OCELot\StringExtensions.Release\documentation\OCELot.StringExtensions.Documentation\Content\VersionHistory\v1.0.0.0.aml&#39;
    D:\Builds\OCELot\StringExtensions.Release\documentation\OCELot.StringExtensions.Documentation\Content\VersionHistory\v1.0.0.0.aml -&gt; D:\Builds\OCELot\StringExtensions.Release\documentation\OCELot.StringExtensions.Documentation\Help\Working\ddueXml\f6a6120c-8fe1-47f8-ae6a-fdb792ad2e55.xml
    Last step completed in 00:00:00.0580
</buildStep>
<buildStep step="CreateConceptualTopicConfigs">
Creating conceptual topic configuration files...
    Companion files
    _ContentMetadata_.xml
    ConceptualManifest.xml
    Last step completed in 00:00:00.0090
</buildStep>
<buildStep step="CopyAdditionalContent">
Copying additional content files...
D:\Builds\OCELot\StringExtensions.Release\documentation\OCELot.StringExtensions.Documentation\icons\Help.png -&gt; D:\Builds\OCELot\StringExtensions.Release\documentation\OCELot.StringExtensions.Documentation\Help\Working\Output\Website\icons\Help.png
    Last step completed in 00:00:00.0090
</buildStep>
<buildStep step="MergeTablesOfContents">
Merging conceptual and additional tables of contents...
    Last step completed in 00:00:00.0040
</buildStep>
<buildStep step="GenerateIntermediateTableOfContents">
Generating intermediate table of contents file...
[C:\Program Files (x86)\MSBuild\12.0\bin\MSBuild.exe]
Build started 2015-06-09 05:11:37 PM.
Project &quot;D:\Builds\OCELot\StringExtensions.Release\documentation\OCELot.StringExtensions.Documentation\Help\Working\GenerateIntermediateTOC.proj&quot; on node 1 (default targets).
GenerateIntermediateTOC:
  XslTransform (v2014.5.31.0)
  Copyright c 2006-2014, Microsoft Corporation, All Rights Reserved.
  Portions Copyright c 2006-2014, Eric Woodruff, All Rights Reserved.
  Applying XSL transformation &#39;C:\Program Files (x86)\EWSoftware\Sandcastle Help File Builder\ProductionTransforms\CreateVSToc.xsl&#39;.
Done Building Project &quot;D:\Builds\OCELot\StringExtensions.Release\documentation\OCELot.StringExtensions.Documentation\Help\Working\GenerateIntermediateTOC.proj&quot; (default targets).

Build succeeded.

Time Elapsed 00:00:00.09
Generating conceptual content intermediate TOC file...
    Last step completed in 00:00:00.1590
</buildStep>
<buildStep step="CreateBuildAssemblerConfigs">
Creating Sandcastle configuration files...
    sandcastle.config
    conceptual.config
    Last step completed in 00:00:00.1280
</buildStep>
<buildStep step="MergeCustomConfigs">
Merging custom build component configurations
D:\Builds\OCELot\StringExtensions.Release\documentation\OCELot.StringExtensions.Documentation\Help\Working\sandcastle.config
D:\Builds\OCELot\StringExtensions.Release\documentation\OCELot.StringExtensions.Documentation\Help\Working\conceptual.config
    Removing unused ExampleComponent.
    Last step completed in 00:00:00.0440
</buildStep>
<buildStep step="BuildConceptualTopics">
Building conceptual help topics...
[C:\Program Files (x86)\MSBuild\12.0\bin\MSBuild.exe]
Build started 2015-06-09 05:11:37 PM.
Project &quot;D:\Builds\OCELot\StringExtensions.Release\documentation\OCELot.StringExtensions.Documentation\Help\Working\BuildConceptualTopics.proj&quot; on node 1 (default targets).
BuildConceptualTopics:
  BuildAssembler (v2014.5.31.0)
  Copyright c 2006-2014, Microsoft Corporation, All Rights Reserved.
  Portions Copyright c 2006-2014, Eric Woodruff, All Rights Reserved.
  Loading configuration...
  ResolveReferenceLinksComponent: The MSDN content ID cache &#39;C:\Users\ESBuildAgent\AppData\Local\EWSoftware\Sandcastle Help File Builder\Cache\MsdnContentId.cache&#39; does not exist yet.  All IDs will be looked up in this build which will slow it down.
  Processing topics...
  Processed 3 topic(s)
  CopyFromIndexComponent: &quot;metadata&quot; in-memory cache entries used: 1 of 15.
Done Building Project &quot;D:\Builds\OCELot\StringExtensions.Release\documentation\OCELot.StringExtensions.Documentation\Help\Working\BuildConceptualTopics.proj&quot; (default targets).

Build succeeded.

Time Elapsed 00:00:06.05
    Last step completed in 00:00:06.1475
</buildStep>
<buildStep step="BuildReferenceTopics">
Building reference help topics...
[C:\Program Files (x86)\MSBuild\12.0\bin\MSBuild.exe]
Build started 2015-06-09 05:11:43 PM.
Project &quot;D:\Builds\OCELot\StringExtensions.Release\documentation\OCELot.StringExtensions.Documentation\Help\Working\BuildReferenceTopics.proj&quot; on node 1 (default targets).
BuildReferenceTopics:
  BuildAssembler (v2014.5.31.0)
  Copyright c 2006-2014, Microsoft Corporation, All Rights Reserved.
  Portions Copyright c 2006-2014, Eric Woodruff, All Rights Reserved.
  Loading configuration...
  ResolveReferenceLinksComponent: The MSDN content ID cache &#39;C:\Users\ESBuildAgent\AppData\Local\EWSoftware\Sandcastle Help File Builder\Cache\MsdnContentId.cache&#39; does not exist yet.  All IDs will be looked up in this build which will slow it down.
  Processing topics...
BuildAssembler : warning : ResolveReferenceLinksComponent: [N:OCELot.StringExtensions] MSDN web service failed.  No further look ups will be performed for this build. [D:\Builds\OCELot\StringExtensions.Release\documentation\OCELot.StringExtensions.Documentation\Help\Working\BuildReferenceTopics.proj]
BuildAssembler : warning : Reason: The underlying connection was closed: An unexpected error occurred on a receive. [D:\Builds\OCELot\StringExtensions.Release\documentation\OCELot.StringExtensions.Documentation\Help\Working\BuildReferenceTopics.proj]
BuildAssembler : warning : Unable to read data from the transport connection: An established connection was aborted by the software in your host machine. [D:\Builds\OCELot\StringExtensions.Release\documentation\OCELot.StringExtensions.Documentation\Help\Working\BuildReferenceTopics.proj]
BuildAssembler : warning : An established connection was aborted by the software in your host machine [D:\Builds\OCELot\StringExtensions.Release\documentation\OCELot.StringExtensions.Documentation\Help\Working\BuildReferenceTopics.proj]
BuildAssembler : warning : ShowMissingComponent: [M:OCELot.StringExtensions.StringExtensions.CapitaliseFirstLetter(System.String)] Missing &lt;returns&gt; documentation [D:\Builds\OCELot\StringExtensions.Release\documentation\OCELot.StringExtensions.Documentation\Help\Working\BuildReferenceTopics.proj]
BuildAssembler : warning : ShowMissingComponent: [M:OCELot.StringExtensions.StringExtensions.ReplaceIgnoreCase(System.String,System.String,System.String)] Missing &lt;returns&gt; documentation [D:\Builds\OCELot\StringExtensions.Release\documentation\OCELot.StringExtensions.Documentation\Help\Working\BuildReferenceTopics.proj]
  Processed 20 topic(s)
  3 warning(s)
  CopyFromIndexComponent: &quot;reflection&quot; in-memory cache entries used: 4 of 15.
  CopyFromIndexComponent: &quot;comments&quot; in-memory cache entries used: 2 of 30.
Done Building Project &quot;D:\Builds\OCELot\StringExtensions.Release\documentation\OCELot.StringExtensions.Documentation\Help\Working\BuildReferenceTopics.proj&quot; (default targets).

Build succeeded.

Time Elapsed 00:00:14.08
    Last step completed in 00:00:14.1751
</buildStep>
<buildStep step="CombiningIntermediateTocFiles">
Combining conceptual and API intermediate TOC files...

Clearing any prior web output
    Last step completed in 00:00:00.0010
</buildStep>
<buildStep step="ExtractingHtmlInfo">
Extracting HTML info for HTML Help 1 and/or website...
[C:\Program Files (x86)\MSBuild\12.0\bin\MSBuild.exe]
Sandcastle Help File Builder, version 2014.5.31.0
Copyright c 2006-2014, Eric Woodruff, All Rights Reserved
E-Mail: Eric@EWoodruff.us

Using LCID &#39;1033&#39;, code page &#39;65001&#39;, encoding charset &#39;UTF-8&#39;.

Processing website files in D:\Builds\OCELot\StringExtensions.Release\documentation\OCELot.StringExtensions.Documentation\Help\Working\Output\Website
Processed 23 HTML files
Sorting keywords and generating See Also indices
Saving website keyword index to D:\Builds\OCELot\StringExtensions.Release\documentation\OCELot.StringExtensions.Documentation\Help\Working\WebKI.xml
Saving website table of contents to D:\Builds\OCELot\StringExtensions.Release\documentation\OCELot.StringExtensions.Documentation\Help\Working\WebTOC.xml
    Last step completed in 00:00:00.1540
</buildStep>
<buildStep step="CopyStandardHelpContent">
Copying standard help content...
C:\Program Files (x86)\EWSoftware\Sandcastle Help File Builder\PresentationStyles\VS2013\icons\AlertCaution.png -&gt; D:\Builds\OCELot\StringExtensions.Release\documentation\OCELot.StringExtensions.Documentation\Help\Working\Output\Website\icons\AlertCaution.png
C:\Program Files (x86)\EWSoftware\Sandcastle Help File Builder\PresentationStyles\VS2013\icons\AlertNote.png -&gt; D:\Builds\OCELot\StringExtensions.Release\documentation\OCELot.StringExtensions.Documentation\Help\Working\Output\Website\icons\AlertNote.png
C:\Program Files (x86)\EWSoftware\Sandcastle Help File Builder\PresentationStyles\VS2013\icons\AlertSecurity.png -&gt; D:\Builds\OCELot\StringExtensions.Release\documentation\OCELot.StringExtensions.Documentation\Help\Working\Output\Website\icons\AlertSecurity.png
C:\Program Files (x86)\EWSoftware\Sandcastle Help File Builder\PresentationStyles\VS2013\icons\CFW.gif -&gt; D:\Builds\OCELot\StringExtensions.Release\documentation\OCELot.StringExtensions.Documentation\Help\Working\Output\Website\icons\CFW.gif
C:\Program Files (x86)\EWSoftware\Sandcastle Help File Builder\PresentationStyles\VS2013\icons\CodeExample.png -&gt; D:\Builds\OCELot\StringExtensions.Release\documentation\OCELot.StringExtensions.Documentation\Help\Working\Output\Website\icons\CodeExample.png
C:\Program Files (x86)\EWSoftware\Sandcastle Help File Builder\PresentationStyles\VS2013\icons\favicon.ico -&gt; D:\Builds\OCELot\StringExtensions.Release\documentation\OCELot.StringExtensions.Documentation\Help\Working\Output\Website\icons\favicon.ico
C:\Program Files (x86)\EWSoftware\Sandcastle Help File Builder\PresentationStyles\VS2013\icons\privclass.gif -&gt; D:\Builds\OCELot\StringExtensions.Release\documentation\OCELot.StringExtensions.Documentation\Help\Working\Output\Website\icons\privclass.gif
C:\Program Files (x86)\EWSoftware\Sandcastle Help File Builder\PresentationStyles\VS2013\icons\privdelegate.gif -&gt; D:\Builds\OCELot\StringExtensions.Release\documentation\OCELot.StringExtensions.Documentation\Help\Working\Output\Website\icons\privdelegate.gif
C:\Program Files (x86)\EWSoftware\Sandcastle Help File Builder\PresentationStyles\VS2013\icons\privenumeration.gif -&gt; D:\Builds\OCELot\StringExtensions.Release\documentation\OCELot.StringExtensions.Documentation\Help\Working\Output\Website\icons\privenumeration.gif
C:\Program Files (x86)\EWSoftware\Sandcastle Help File Builder\PresentationStyles\VS2013\icons\privevent.gif -&gt; D:\Builds\OCELot\StringExtensions.Release\documentation\OCELot.StringExtensions.Documentation\Help\Working\Output\Website\icons\privevent.gif
C:\Program Files (x86)\EWSoftware\Sandcastle Help File Builder\PresentationStyles\VS2013\icons\privextension.gif -&gt; D:\Builds\OCELot\StringExtensions.Release\documentation\OCELot.StringExtensions.Documentation\Help\Working\Output\Website\icons\privextension.gif
C:\Program Files (x86)\EWSoftware\Sandcastle Help File Builder\PresentationStyles\VS2013\icons\privfield.gif -&gt; D:\Builds\OCELot\StringExtensions.Release\documentation\OCELot.StringExtensions.Documentation\Help\Working\Output\Website\icons\privfield.gif
C:\Program Files (x86)\EWSoftware\Sandcastle Help File Builder\PresentationStyles\VS2013\icons\privinterface.gif -&gt; D:\Builds\OCELot\StringExtensions.Release\documentation\OCELot.StringExtensions.Documentation\Help\Working\Output\Website\icons\privinterface.gif
C:\Program Files (x86)\EWSoftware\Sandcastle Help File Builder\PresentationStyles\VS2013\icons\privmethod.gif -&gt; D:\Builds\OCELot\StringExtensions.Release\documentation\OCELot.StringExtensions.Documentation\Help\Working\Output\Website\icons\privmethod.gif
C:\Program Files (x86)\EWSoftware\Sandcastle Help File Builder\PresentationStyles\VS2013\icons\privproperty.gif -&gt; D:\Builds\OCELot\StringExtensions.Release\documentation\OCELot.StringExtensions.Documentation\Help\Working\Output\Website\icons\privproperty.gif
C:\Program Files (x86)\EWSoftware\Sandcastle Help File Builder\PresentationStyles\VS2013\icons\privstructure.gif -&gt; D:\Builds\OCELot\StringExtensions.Release\documentation\OCELot.StringExtensions.Documentation\Help\Working\Output\Website\icons\privstructure.gif
C:\Program Files (x86)\EWSoftware\Sandcastle Help File Builder\PresentationStyles\VS2013\icons\protclass.gif -&gt; D:\Builds\OCELot\StringExtensions.Release\documentation\OCELot.StringExtensions.Documentation\Help\Working\Output\Website\icons\protclass.gif
C:\Program Files (x86)\EWSoftware\Sandcastle Help File Builder\PresentationStyles\VS2013\icons\protdelegate.gif -&gt; D:\Builds\OCELot\StringExtensions.Release\documentation\OCELot.StringExtensions.Documentation\Help\Working\Output\Website\icons\protdelegate.gif
C:\Program Files (x86)\EWSoftware\Sandcastle Help File Builder\PresentationStyles\VS2013\icons\protenumeration.gif -&gt; D:\Builds\OCELot\StringExtensions.Release\documentation\OCELot.StringExtensions.Documentation\Help\Working\Output\Website\icons\protenumeration.gif
C:\Program Files (x86)\EWSoftware\Sandcastle Help File Builder\PresentationStyles\VS2013\icons\protevent.gif -&gt; D:\Builds\OCELot\StringExtensions.Release\documentation\OCELot.StringExtensions.Documentation\Help\Working\Output\Website\icons\protevent.gif
C:\Program Files (x86)\EWSoftware\Sandcastle Help File Builder\PresentationStyles\VS2013\icons\protextension.gif -&gt; D:\Builds\OCELot\StringExtensions.Release\documentation\OCELot.StringExtensions.Documentation\Help\Working\Output\Website\icons\protextension.gif
C:\Program Files (x86)\EWSoftware\Sandcastle Help File Builder\PresentationStyles\VS2013\icons\protfield.gif -&gt; D:\Builds\OCELot\StringExtensions.Release\documentation\OCELot.StringExtensions.Documentation\Help\Working\Output\Website\icons\protfield.gif
C:\Program Files (x86)\EWSoftware\Sandcastle Help File Builder\PresentationStyles\VS2013\icons\protinterface.gif -&gt; D:\Builds\OCELot\StringExtensions.Release\documentation\OCELot.StringExtensions.Documentation\Help\Working\Output\Website\icons\protinterface.gif
C:\Program Files (x86)\EWSoftware\Sandcastle Help File Builder\PresentationStyles\VS2013\icons\protmethod.gif -&gt; D:\Builds\OCELot\StringExtensions.Release\documentation\OCELot.StringExtensions.Documentation\Help\Working\Output\Website\icons\protmethod.gif
C:\Program Files (x86)\EWSoftware\Sandcastle Help File Builder\PresentationStyles\VS2013\icons\protoperator.gif -&gt; D:\Builds\OCELot\StringExtensions.Release\documentation\OCELot.StringExtensions.Documentation\Help\Working\Output\Website\icons\protoperator.gif
C:\Program Files (x86)\EWSoftware\Sandcastle Help File Builder\PresentationStyles\VS2013\icons\protproperty.gif -&gt; D:\Builds\OCELot\StringExtensions.Release\documentation\OCELot.StringExtensions.Documentation\Help\Working\Output\Website\icons\protproperty.gif
C:\Program Files (x86)\EWSoftware\Sandcastle Help File Builder\PresentationStyles\VS2013\icons\protstructure.gif -&gt; D:\Builds\OCELot\StringExtensions.Release\documentation\OCELot.StringExtensions.Documentation\Help\Working\Output\Website\icons\protstructure.gif
C:\Program Files (x86)\EWSoftware\Sandcastle Help File Builder\PresentationStyles\VS2013\icons\pubclass.gif -&gt; D:\Builds\OCELot\StringExtensions.Release\documentation\OCELot.StringExtensions.Documentation\Help\Working\Output\Website\icons\pubclass.gif
C:\Program Files (x86)\EWSoftware\Sandcastle Help File Builder\PresentationStyles\VS2013\icons\pubdelegate.gif -&gt; D:\Builds\OCELot\StringExtensions.Release\documentation\OCELot.StringExtensions.Documentation\Help\Working\Output\Website\icons\pubdelegate.gif
C:\Program Files (x86)\EWSoftware\Sandcastle Help File Builder\PresentationStyles\VS2013\icons\pubenumeration.gif -&gt; D:\Builds\OCELot\StringExtensions.Release\documentation\OCELot.StringExtensions.Documentation\Help\Working\Output\Website\icons\pubenumeration.gif
C:\Program Files (x86)\EWSoftware\Sandcastle Help File Builder\PresentationStyles\VS2013\icons\pubevent.gif -&gt; D:\Builds\OCELot\StringExtensions.Release\documentation\OCELot.StringExtensions.Documentation\Help\Working\Output\Website\icons\pubevent.gif
C:\Program Files (x86)\EWSoftware\Sandcastle Help File Builder\PresentationStyles\VS2013\icons\pubextension.gif -&gt; D:\Builds\OCELot\StringExtensions.Release\documentation\OCELot.StringExtensions.Documentation\Help\Working\Output\Website\icons\pubextension.gif
C:\Program Files (x86)\EWSoftware\Sandcastle Help File Builder\PresentationStyles\VS2013\icons\pubfield.gif -&gt; D:\Builds\OCELot\StringExtensions.Release\documentation\OCELot.StringExtensions.Documentation\Help\Working\Output\Website\icons\pubfield.gif
C:\Program Files (x86)\EWSoftware\Sandcastle Help File Builder\PresentationStyles\VS2013\icons\pubinterface.gif -&gt; D:\Builds\OCELot\StringExtensions.Release\documentation\OCELot.StringExtensions.Documentation\Help\Working\Output\Website\icons\pubinterface.gif
C:\Program Files (x86)\EWSoftware\Sandcastle Help File Builder\PresentationStyles\VS2013\icons\pubmethod.gif -&gt; D:\Builds\OCELot\StringExtensions.Release\documentation\OCELot.StringExtensions.Documentation\Help\Working\Output\Website\icons\pubmethod.gif
C:\Program Files (x86)\EWSoftware\Sandcastle Help File Builder\PresentationStyles\VS2013\icons\puboperator.gif -&gt; D:\Builds\OCELot\StringExtensions.Release\documentation\OCELot.StringExtensions.Documentation\Help\Working\Output\Website\icons\puboperator.gif
C:\Program Files (x86)\EWSoftware\Sandcastle Help File Builder\PresentationStyles\VS2013\icons\pubproperty.gif -&gt; D:\Builds\OCELot\StringExtensions.Release\documentation\OCELot.StringExtensions.Documentation\Help\Working\Output\Website\icons\pubproperty.gif
C:\Program Files (x86)\EWSoftware\Sandcastle Help File Builder\PresentationStyles\VS2013\icons\pubstructure.gif -&gt; D:\Builds\OCELot\StringExtensions.Release\documentation\OCELot.StringExtensions.Documentation\Help\Working\Output\Website\icons\pubstructure.gif
C:\Program Files (x86)\EWSoftware\Sandcastle Help File Builder\PresentationStyles\VS2013\icons\SectionCollapsed.png -&gt; D:\Builds\OCELot\StringExtensions.Release\documentation\OCELot.StringExtensions.Documentation\Help\Working\Output\Website\icons\SectionCollapsed.png
C:\Program Files (x86)\EWSoftware\Sandcastle Help File Builder\PresentationStyles\VS2013\icons\SectionExpanded.png -&gt; D:\Builds\OCELot\StringExtensions.Release\documentation\OCELot.StringExtensions.Documentation\Help\Working\Output\Website\icons\SectionExpanded.png
C:\Program Files (x86)\EWSoftware\Sandcastle Help File Builder\PresentationStyles\VS2013\icons\slMobile.gif -&gt; D:\Builds\OCELot\StringExtensions.Release\documentation\OCELot.StringExtensions.Documentation\Help\Working\Output\Website\icons\slMobile.gif
C:\Program Files (x86)\EWSoftware\Sandcastle Help File Builder\PresentationStyles\VS2013\icons\static.gif -&gt; D:\Builds\OCELot\StringExtensions.Release\documentation\OCELot.StringExtensions.Documentation\Help\Working\Output\Website\icons\static.gif
C:\Program Files (x86)\EWSoftware\Sandcastle Help File Builder\PresentationStyles\VS2013\icons\xna.gif -&gt; D:\Builds\OCELot\StringExtensions.Release\documentation\OCELot.StringExtensions.Documentation\Help\Working\Output\Website\icons\xna.gif
C:\Program Files (x86)\EWSoftware\Sandcastle Help File Builder\PresentationStyles\VS2013\scripts\branding.js -&gt; D:\Builds\OCELot\StringExtensions.Release\documentation\OCELot.StringExtensions.Documentation\Help\Working\Output\Website\scripts\branding.js
C:\Program Files (x86)\EWSoftware\Sandcastle Help File Builder\PresentationStyles\VS2013\styles\branding-cs-CZ.css -&gt; D:\Builds\OCELot\StringExtensions.Release\documentation\OCELot.StringExtensions.Documentation\Help\Working\Output\Website\styles\branding-cs-CZ.css
C:\Program Files (x86)\EWSoftware\Sandcastle Help File Builder\PresentationStyles\VS2013\styles\branding-de-DE.css -&gt; D:\Builds\OCELot\StringExtensions.Release\documentation\OCELot.StringExtensions.Documentation\Help\Working\Output\Website\styles\branding-de-DE.css
C:\Program Files (x86)\EWSoftware\Sandcastle Help File Builder\PresentationStyles\VS2013\styles\branding-en-US.css -&gt; D:\Builds\OCELot\StringExtensions.Release\documentation\OCELot.StringExtensions.Documentation\Help\Working\Output\Website\styles\branding-en-US.css
C:\Program Files (x86)\EWSoftware\Sandcastle Help File Builder\PresentationStyles\VS2013\styles\branding-es-ES.css -&gt; D:\Builds\OCELot\StringExtensions.Release\documentation\OCELot.StringExtensions.Documentation\Help\Working\Output\Website\styles\branding-es-ES.css
C:\Program Files (x86)\EWSoftware\Sandcastle Help File Builder\PresentationStyles\VS2013\styles\branding-fr-FR.css -&gt; D:\Builds\OCELot\StringExtensions.Release\documentation\OCELot.StringExtensions.Documentation\Help\Working\Output\Website\styles\branding-fr-FR.css
C:\Program Files (x86)\EWSoftware\Sandcastle Help File Builder\PresentationStyles\VS2013\styles\branding-Help1.css -&gt; D:\Builds\OCELot\StringExtensions.Release\documentation\OCELot.StringExtensions.Documentation\Help\Working\Output\Website\styles\branding-Help1.css
C:\Program Files (x86)\EWSoftware\Sandcastle Help File Builder\PresentationStyles\VS2013\styles\branding-Help2.css -&gt; D:\Builds\OCELot\StringExtensions.Release\documentation\OCELot.StringExtensions.Documentation\Help\Working\Output\Website\styles\branding-Help2.css
C:\Program Files (x86)\EWSoftware\Sandcastle Help File Builder\PresentationStyles\VS2013\styles\branding-HelpViewer.css -&gt; D:\Builds\OCELot\StringExtensions.Release\documentation\OCELot.StringExtensions.Documentation\Help\Working\Output\Website\styles\branding-HelpViewer.css
C:\Program Files (x86)\EWSoftware\Sandcastle Help File Builder\PresentationStyles\VS2013\styles\branding-it-IT.css -&gt; D:\Builds\OCELot\StringExtensions.Release\documentation\OCELot.StringExtensions.Documentation\Help\Working\Output\Website\styles\branding-it-IT.css
C:\Program Files (x86)\EWSoftware\Sandcastle Help File Builder\PresentationStyles\VS2013\styles\branding-ja-JP.css -&gt; D:\Builds\OCELot\StringExtensions.Release\documentation\OCELot.StringExtensions.Documentation\Help\Working\Output\Website\styles\branding-ja-JP.css
C:\Program Files (x86)\EWSoftware\Sandcastle Help File Builder\PresentationStyles\VS2013\styles\branding-ko-KR.css -&gt; D:\Builds\OCELot\StringExtensions.Release\documentation\OCELot.StringExtensions.Documentation\Help\Working\Output\Website\styles\branding-ko-KR.css
C:\Program Files (x86)\EWSoftware\Sandcastle Help File Builder\PresentationStyles\VS2013\styles\branding-pl-PL.css -&gt; D:\Builds\OCELot\StringExtensions.Release\documentation\OCELot.StringExtensions.Documentation\Help\Working\Output\Website\styles\branding-pl-PL.css
C:\Program Files (x86)\EWSoftware\Sandcastle Help File Builder\PresentationStyles\VS2013\styles\branding-pt-BR.css -&gt; D:\Builds\OCELot\StringExtensions.Release\documentation\OCELot.StringExtensions.Documentation\Help\Working\Output\Website\styles\branding-pt-BR.css
C:\Program Files (x86)\EWSoftware\Sandcastle Help File Builder\PresentationStyles\VS2013\styles\branding-ru-RU.css -&gt; D:\Builds\OCELot\StringExtensions.Release\documentation\OCELot.StringExtensions.Documentation\Help\Working\Output\Website\styles\branding-ru-RU.css
C:\Program Files (x86)\EWSoftware\Sandcastle Help File Builder\PresentationStyles\VS2013\styles\branding-tr-TR.css -&gt; D:\Builds\OCELot\StringExtensions.Release\documentation\OCELot.StringExtensions.Documentation\Help\Working\Output\Website\styles\branding-tr-TR.css
C:\Program Files (x86)\EWSoftware\Sandcastle Help File Builder\PresentationStyles\VS2013\styles\branding-Website.css -&gt; D:\Builds\OCELot\StringExtensions.Release\documentation\OCELot.StringExtensions.Documentation\Help\Working\Output\Website\styles\branding-Website.css
C:\Program Files (x86)\EWSoftware\Sandcastle Help File Builder\PresentationStyles\VS2013\styles\branding-zh-CN.css -&gt; D:\Builds\OCELot\StringExtensions.Release\documentation\OCELot.StringExtensions.Documentation\Help\Working\Output\Website\styles\branding-zh-CN.css
C:\Program Files (x86)\EWSoftware\Sandcastle Help File Builder\PresentationStyles\VS2013\styles\branding-zh-TW.css -&gt; D:\Builds\OCELot\StringExtensions.Release\documentation\OCELot.StringExtensions.Documentation\Help\Working\Output\Website\styles\branding-zh-TW.css
C:\Program Files (x86)\EWSoftware\Sandcastle Help File Builder\PresentationStyles\VS2013\styles\branding.css -&gt; D:\Builds\OCELot\StringExtensions.Release\documentation\OCELot.StringExtensions.Documentation\Help\Working\Output\Website\styles\branding.css
C:\Program Files (x86)\EWSoftware\Sandcastle Help File Builder\PresentationStyles\VS2013\Web\index.html -&gt; D:\Builds\OCELot\StringExtensions.Release\documentation\OCELot.StringExtensions.Documentation\Help\Working\Output\Website\index.html
C:\Program Files (x86)\EWSoftware\Sandcastle Help File Builder\PresentationStyles\VS2013\Web\search.html -&gt; D:\Builds\OCELot\StringExtensions.Release\documentation\OCELot.StringExtensions.Documentation\Help\Working\Output\Website\search.html
C:\Program Files (x86)\EWSoftware\Sandcastle Help File Builder\PresentationStyles\VS2013\Web\SearchHelp.aspx -&gt; D:\Builds\OCELot\StringExtensions.Release\documentation\OCELot.StringExtensions.Documentation\Help\Working\Output\Website\SearchHelp.aspx
C:\Program Files (x86)\EWSoftware\Sandcastle Help File Builder\PresentationStyles\VS2013\Web\SearchHelp.inc.php -&gt; D:\Builds\OCELot\StringExtensions.Release\documentation\OCELot.StringExtensions.Documentation\Help\Working\Output\Website\SearchHelp.inc.php
C:\Program Files (x86)\EWSoftware\Sandcastle Help File Builder\PresentationStyles\VS2013\Web\SearchHelp.php -&gt; D:\Builds\OCELot\StringExtensions.Release\documentation\OCELot.StringExtensions.Documentation\Help\Working\Output\Website\SearchHelp.php
C:\Program Files (x86)\EWSoftware\Sandcastle Help File Builder\PresentationStyles\VS2013\Web\Web.Config -&gt; D:\Builds\OCELot\StringExtensions.Release\documentation\OCELot.StringExtensions.Documentation\Help\Working\Output\Website\Web.Config
C:\Program Files (x86)\EWSoftware\Sandcastle Help File Builder\PresentationStyles\VS2013\Web\icons\Search.png -&gt; D:\Builds\OCELot\StringExtensions.Release\documentation\OCELot.StringExtensions.Documentation\Help\Working\Output\Website\icons\Search.png
C:\Program Files (x86)\EWSoftware\Sandcastle Help File Builder\PresentationStyles\VS2013\Web\icons\TocClose.gif -&gt; D:\Builds\OCELot\StringExtensions.Release\documentation\OCELot.StringExtensions.Documentation\Help\Working\Output\Website\icons\TocClose.gif
C:\Program Files (x86)\EWSoftware\Sandcastle Help File Builder\PresentationStyles\VS2013\Web\icons\TocCollapsed.gif -&gt; D:\Builds\OCELot\StringExtensions.Release\documentation\OCELot.StringExtensions.Documentation\Help\Working\Output\Website\icons\TocCollapsed.gif
C:\Program Files (x86)\EWSoftware\Sandcastle Help File Builder\PresentationStyles\VS2013\Web\icons\TocExpanded.gif -&gt; D:\Builds\OCELot\StringExtensions.Release\documentation\OCELot.StringExtensions.Documentation\Help\Working\Output\Website\icons\TocExpanded.gif
C:\Program Files (x86)\EWSoftware\Sandcastle Help File Builder\PresentationStyles\VS2013\Web\icons\TocOpen.gif -&gt; D:\Builds\OCELot\StringExtensions.Release\documentation\OCELot.StringExtensions.Documentation\Help\Working\Output\Website\icons\TocOpen.gif
C:\Program Files (x86)\EWSoftware\Sandcastle Help File Builder\PresentationStyles\VS2013\Web\scripts\branding-Website.js -&gt; D:\Builds\OCELot\StringExtensions.Release\documentation\OCELot.StringExtensions.Documentation\Help\Working\Output\Website\scripts\branding-Website.js
C:\Program Files (x86)\EWSoftware\Sandcastle Help File Builder\PresentationStyles\VS2013\Web\scripts\jquery-1.11.0.min.js -&gt; D:\Builds\OCELot\StringExtensions.Release\documentation\OCELot.StringExtensions.Documentation\Help\Working\Output\Website\scripts\jquery-1.11.0.min.js
    Last step completed in 00:00:00.4180
</buildStep>
<buildStep step="GenerateHelpFormatTableOfContents">
Generating website table of contents file...
    Last step completed in 00:00:00.0010
</buildStep>
<buildStep step="GenerateFullTextIndex">
Generating full-text index for the website...

<plugIn name="Lightweight Website Style" behavior="After" priority="1000">
Adding lightweight search and TOC elements to each topic...
</plugIn>    Last step completed in 00:00:00.0930
</buildStep>
<buildStep step="CopyingWebsiteFiles">
Copying website files to output folder...

Copied 100 files
Copied 135 files for the website content
    Last step completed in 00:00:00.0540
</buildStep>
<buildStep step="CleanIntermediates">
Removing intermediate files...
    Last step completed in 00:00:00.0090
</buildStep>
<buildStep step="Completed">

Build completed successfully at 06-09-2015 05:11 PM.  Total time: 00:00:23,1548

</buildStep>
</shfbBuild>
